c:\users\叶落三生\source\repos\tools1\mfcapplication1\debug\vc141.pdb
c:\users\叶落三生\source\repos\tools1\mfcapplication1\debug\vc141.idb
c:\users\叶落三生\source\repos\tools1\mfcapplication1\debug\repalcetxt.obj
c:\users\叶落三生\source\repos\tools1\mfcapplication1\debug\mfcapplication1.obj
c:\users\叶落三生\source\repos\tools1\mfcapplication1\debug\mfcapplication1dlg.obj
c:\users\叶落三生\source\repos\tools1\mfcapplication1\debug\mfcapplication1.pch
c:\users\叶落三生\source\repos\tools1\mfcapplication1\debug\pch.obj
c:\users\叶落三生\source\repos\tools1\mfcapplication1\debug\sqlscripts.obj
c:\users\叶落三生\source\repos\tools1\mfcapplication1\debug\inptbox.obj
c:\users\叶落三生\source\repos\tools1\debug\mfcapplication1.exe
c:\users\叶落三生\source\repos\tools1\debug\mfcapplication1.ilk
c:\users\叶落三生\source\repos\tools1\debug\mfcapplication1.pdb
c:\users\叶落三生\source\repos\tools1\mfcapplication1\debug\mfcapplication1.res
c:\users\叶落三生\source\repos\tools1\mfcapplication1\debug\mfcapplication1.tlog\cl.command.1.tlog
c:\users\叶落三生\source\repos\tools1\mfcapplication1\debug\mfcapplication1.tlog\cl.read.1.tlog
c:\users\叶落三生\source\repos\tools1\mfcapplication1\debug\mfcapplication1.tlog\cl.write.1.tlog
c:\users\叶落三生\source\repos\tools1\mfcapplication1\debug\mfcapplication1.tlog\link.command.1.tlog
c:\users\叶落三生\source\repos\tools1\mfcapplication1\debug\mfcapplication1.tlog\link.read.1.tlog
c:\users\叶落三生\source\repos\tools1\mfcapplication1\debug\mfcapplication1.tlog\link.write.1.tlog
c:\users\叶落三生\source\repos\tools1\mfcapplication1\debug\mfcapplication1.tlog\rc.command.1.tlog
c:\users\叶落三生\source\repos\tools1\mfcapplication1\debug\mfcapplication1.tlog\rc.read.1.tlog
c:\users\叶落三生\source\repos\tools1\mfcapplication1\debug\mfcapplication1.tlog\rc.write.1.tlog
